Determining if the pthread_create exist failed with the following output:
Change Dir: /home/ashley/pclProject/pcMulTracking/CMakeFiles/CMakeTmp

Run Build Command:"/usr/bin/make" "cmTC_fdd00/fast"
/usr/bin/make -f CMakeFiles/cmTC_fdd00.dir/build.make CMakeFiles/cmTC_fdd00.dir/build
make[1]: Entering directory '/home/ashley/pclProject/pcMulTracking/CMakeFiles/CMakeTmp'
Building C object CMakeFiles/cmTC_fdd00.dir/CheckSymbolExists.c.o
/usr/bin/gcc     -o CMakeFiles/cmTC_fdd00.dir/CheckSymbolExists.c.o   -c /home/ashley/pclProject/pcMulTracking/CMakeFiles/CMakeTmp/CheckSymbolExists.c
Linking C executable cmTC_fdd00
/usr/bin/cmake -E cmake_link_script CMakeFiles/cmTC_fdd00.dir/link.txt --verbose=1
/usr/bin/gcc       CMakeFiles/cmTC_fdd00.dir/CheckSymbolExists.c.o  -o cmTC_fdd00 -rdynamic 
CMakeFiles/cmTC_fdd00.dir/CheckSymbolExists.c.o: In function `main':
CheckSymbolExists.c:(.text+0x16): undefined reference to `pthread_create'
collect2: error: ld returned 1 exit status
CMakeFiles/cmTC_fdd00.dir/build.make:97: recipe for target 'cmTC_fdd00' failed
make[1]: *** [cmTC_fdd00] Error 1
make[1]: Leaving directory '/home/ashley/pclProject/pcMulTracking/CMakeFiles/CMakeTmp'
Makefile:126: recipe for target 'cmTC_fdd00/fast' failed
make: *** [cmTC_fdd00/fast] Error 2

File /home/ashley/pclProject/pcMulTracking/CMakeFiles/CMakeTmp/CheckSymbolExists.c:
/* */
#include <pthread.h>

int main(int argc, char** argv)
{
  (void)argv;
#ifndef pthread_create
  return ((int*)(&pthread_create))[argc];
#else
  (void)argc;
  return 0;
#endif
}

Determining if the function pthread_create exists in the pthreads failed with the following output:
Change Dir: /home/ashley/pclProject/pcMulTracking/CMakeFiles/CMakeTmp

Run Build Command:"/usr/bin/make" "cmTC_2e601/fast"
/usr/bin/make -f CMakeFiles/cmTC_2e601.dir/build.make CMakeFiles/cmTC_2e601.dir/build
make[1]: Entering directory '/home/ashley/pclProject/pcMulTracking/CMakeFiles/CMakeTmp'
Building C object CMakeFiles/cmTC_2e601.dir/CheckFunctionExists.c.o
/usr/bin/gcc    -DCHECK_FUNCTION_EXISTS=pthread_create   -o CMakeFiles/cmTC_2e601.dir/CheckFunctionExists.c.o   -c /usr/share/cmake-3.5/Modules/CheckFunctionExists.c
Linking C executable cmTC_2e601
/usr/bin/cmake -E cmake_link_script CMakeFiles/cmTC_2e601.dir/link.txt --verbose=1
/usr/bin/gcc   -DCHECK_FUNCTION_EXISTS=pthread_create    CMakeFiles/cmTC_2e601.dir/CheckFunctionExists.c.o  -o cmTC_2e601 -rdynamic -lpthreads 
/usr/bin/ld: cannot find -lpthreads
collect2: error: ld returned 1 exit status
CMakeFiles/cmTC_2e601.dir/build.make:97: recipe for target 'cmTC_2e601' failed
make[1]: *** [cmTC_2e601] Error 1
make[1]: Leaving directory '/home/ashley/pclProject/pcMulTracking/CMakeFiles/CMakeTmp'
Makefile:126: recipe for target 'cmTC_2e601/fast' failed
make: *** [cmTC_2e601/fast] Error 2


